<?xml version="1.0" encoding="UTF-8"?>
<!-- Generated by org.testng.reporters.JUnitXMLReporter -->
<testsuite hostname="ATMECSINLT-033" ignored="3" name="Default test" tests="1" failures="0" timestamp="20 Aug 2019 14:40:02 GMT" time="6.465" errors="0">
  <testcase name="div" time="6.429" classname="com.Cal.NewTest"/>
  <testcase name="mul" time="0.0" classname="com.Cal.NewTest">
    <ignored/>
  </testcase> <!-- mul -->
  <testcase name="add" time="0.0" classname="com.Cal.NewTest">
    <ignored/>
  </testcase> <!-- add -->
  <testcase name="sub" time="0.0" classname="com.Cal.NewTest">
    <ignored/>
  </testcase> <!-- sub -->
</testsuite> <!-- Default test -->
