<?xml version="1.0" encoding="UTF-8"?>
<testng-results skipped="0" failed="0" ignored="0" total="4" passed="4">
  <reporter-output>
  </reporter-output>
  <suite name="Suite" duration-ms="31666" started-at="2019-08-20T14:46:26Z" finished-at="2019-08-20T14:46:58Z">
    <groups>
    </groups>
    <test name="Test" duration-ms="31666" started-at="2019-08-20T14:46:26Z" finished-at="2019-08-20T14:46:58Z">
      <class name="com.Cal.NewTest">
        <test-method status="PASS" signature="add()[pri:0, instance:com.Cal.NewTest@573f2bb1]" name="add" duration-ms="6856" started-at="2019-08-20T14:46:26Z" finished-at="2019-08-20T14:46:33Z">
          <reporter-output>
          </reporter-output>
        </test-method> <!-- add -->
        <test-method status="PASS" signature="sub()[pri:1, instance:com.Cal.NewTest@573f2bb1]" name="sub" duration-ms="7496" started-at="2019-08-20T14:46:33Z" finished-at="2019-08-20T14:46:40Z">
          <reporter-output>
          </reporter-output>
        </test-method> <!-- sub -->
        <test-method status="PASS" signature="mul()[pri:2, instance:com.Cal.NewTest@573f2bb1]" name="mul" duration-ms="9531" started-at="2019-08-20T14:46:40Z" finished-at="2019-08-20T14:46:50Z">
          <reporter-output>
          </reporter-output>
        </test-method> <!-- mul -->
        <test-method status="PASS" signature="div()[pri:3, instance:com.Cal.NewTest@573f2bb1]" name="div" duration-ms="7738" started-at="2019-08-20T14:46:50Z" finished-at="2019-08-20T14:46:58Z">
          <reporter-output>
          </reporter-output>
        </test-method> <!-- div -->
      </class> <!-- com.Cal.NewTest -->
    </test> <!-- Test -->
  </suite> <!-- Suite -->
</testng-results>
